<?xml version="1.0" encoding="UTF-8"?>
<testsuite name="com.bytecode.logic.GiocoTest" tests="10" skipped="0" failures="0" errors="0" timestamp="2016-11-19T21:07:25" hostname="S1y-Sammy" time="0.168">
  <properties/>
  <testcase name="testIstanzaGioco" classname="com.bytecode.logic.GiocoTest" time="0.04"/>
  <testcase name="testInputErrato" classname="com.bytecode.logic.GiocoTest" time="0.003"/>
  <testcase name="testGiocoArgomentoInvalido" classname="com.bytecode.logic.GiocoTest" time="0.001"/>
  <testcase name="testEsitoGioco_IA" classname="com.bytecode.logic.GiocoTest" time="0.004"/>
  <testcase name="testEsitoGioco_DueGiocatori" classname="com.bytecode.logic.GiocoTest" time="0.014"/>
  <testcase name="testIstanzaGioco" classname="com.bytecode.logic.GiocoTest" time="0.001"/>
  <testcase name="testInputErrato" classname="com.bytecode.logic.GiocoTest" time="0.002"/>
  <testcase name="testGiocoArgomentoInvalido" classname="com.bytecode.logic.GiocoTest" time="0.0"/>
  <testcase name="testEsitoGioco_IA" classname="com.bytecode.logic.GiocoTest" time="0.001"/>
  <testcase name="testEsitoGioco_DueGiocatori" classname="com.bytecode.logic.GiocoTest" time="0.001"/>
  <system-out><![CDATA[]]></system-out>
  <system-err><![CDATA[]]></system-err>
</testsuite>
