<?xml version="1.0" encoding="UTF-8"?>
<testsuite name="com.bytecode.logic.SceltaTest" tests="18" skipped="0" failures="0" errors="0" timestamp="2016-11-19T21:07:25" hostname="S1y-Sammy" time="0.084">
  <properties/>
  <testcase name="testGetSceltaCasualeNull" classname="com.bytecode.logic.SceltaTest" time="0.002"/>
  <testcase name="testParseInput" classname="com.bytecode.logic.SceltaTest" time="0.001"/>
  <testcase name="testToString" classname="com.bytecode.logic.SceltaTest" time="0.003"/>
  <testcase name="testRisultatoContro_DRAW" classname="com.bytecode.logic.SceltaTest" time="0.003"/>
  <testcase name="testRisultatoContro_LOSE" classname="com.bytecode.logic.SceltaTest" time="0.001"/>
  <testcase name="testRisultatoControNull" classname="com.bytecode.logic.SceltaTest" time="0.003"/>
  <testcase name="testRisultatoContro_WIN" classname="com.bytecode.logic.SceltaTest" time="0.001"/>
  <testcase name="testParseInputNull" classname="com.bytecode.logic.SceltaTest" time="0.001"/>
  <testcase name="testGetSceltaCasuale" classname="com.bytecode.logic.SceltaTest" time="0.0"/>
  <testcase name="testGetSceltaCasualeNull" classname="com.bytecode.logic.SceltaTest" time="0.002"/>
  <testcase name="testParseInput" classname="com.bytecode.logic.SceltaTest" time="0.0"/>
  <testcase name="testToString" classname="com.bytecode.logic.SceltaTest" time="0.0"/>
  <testcase name="testRisultatoContro_DRAW" classname="com.bytecode.logic.SceltaTest" time="0.0"/>
  <testcase name="testRisultatoContro_LOSE" classname="com.bytecode.logic.SceltaTest" time="0.0"/>
  <testcase name="testRisultatoControNull" classname="com.bytecode.logic.SceltaTest" time="0.0"/>
  <testcase name="testRisultatoContro_WIN" classname="com.bytecode.logic.SceltaTest" time="0.0"/>
  <testcase name="testParseInputNull" classname="com.bytecode.logic.SceltaTest" time="0.0"/>
  <testcase name="testGetSceltaCasuale" classname="com.bytecode.logic.SceltaTest" time="0.0"/>
  <system-out><![CDATA[]]></system-out>
  <system-err><![CDATA[]]></system-err>
</testsuite>
