<?xml version="1.0" encoding="UTF-8"?>
<testsuite name="com.bytecode.logic.RisultatoTest" tests="4" skipped="0" failures="0" errors="0" timestamp="2016-11-19T21:07:25" hostname="S1y-Sammy" time="0.087">
  <properties/>
  <testcase name="testToString" classname="com.bytecode.logic.RisultatoTest" time="0.008"/>
  <testcase name="testVinceSe" classname="com.bytecode.logic.RisultatoTest" time="0.0"/>
  <testcase name="testToString" classname="com.bytecode.logic.RisultatoTest" time="0.0"/>
  <testcase name="testVinceSe" classname="com.bytecode.logic.RisultatoTest" time="0.0"/>
  <system-out><![CDATA[]]></system-out>
  <system-err><![CDATA[]]></system-err>
</testsuite>
