<?xml version="1.0" encoding="UTF-8"?>
<testsuite name="com.bytecode.logic.GiocatoreTest" tests="6" skipped="0" failures="0" errors="0" timestamp="2016-11-19T21:07:25" hostname="S1y-Sammy" time="0.175">
  <properties/>
  <testcase name="testAddPunto" classname="com.bytecode.logic.GiocatoreTest" time="0.003"/>
  <testcase name="testGiocatore" classname="com.bytecode.logic.GiocatoreTest" time="0.001"/>
  <testcase name="testGetPunteggio" classname="com.bytecode.logic.GiocatoreTest" time="0.001"/>
  <testcase name="testAddPunto" classname="com.bytecode.logic.GiocatoreTest" time="0.0"/>
  <testcase name="testGiocatore" classname="com.bytecode.logic.GiocatoreTest" time="0.0"/>
  <testcase name="testGetPunteggio" classname="com.bytecode.logic.GiocatoreTest" time="0.001"/>
  <system-out><![CDATA[]]></system-out>
  <system-err><![CDATA[]]></system-err>
</testsuite>
